# JRE version: OpenJDK Runtime Environment (11.0.12+7) (build 11.0.12+7-b1504.28-7817840)
# Java VM: OpenJDK 64-Bit Server VM (11.0.12+7-b1504.28-7817840, mixed mode, tiered, compressed oops, g1 gc, windows-amd64)
Heap:
 garbage-first heap   total 143360K, used 83302K [0x0000000080000000, 0x0000000100000000)
  region size 1024K, 2 young (2048K), 2 survivors (2048K)
 Metaspace       used 63739K, capacity 65369K, committed 65740K, reserved 1105920K
  class space    used 8150K, capacity 8784K, committed 8908K, reserved 1048576K
GC Heap History (20 events):
Event: 19.702 GC heap after
{Heap after GC invocations=32 (full 0):
 garbage-first heap   total 98304K, used 78053K [0x0000000080000000, 0x0000000100000000)
  region size 1024K, 1 young (1024K), 1 survivors (1024K)
 Metaspace       used 52836K, capacity 54404K, committed 54476K, reserved 1095680K
  class space    used 6794K, capacity 7348K, committed 7372K, reserved 1048576K
}
Event: 19.788 GC heap before
{Heap before GC invocations=32 (full 0):
 garbage-first heap   total 98304K, used 81125K [0x0000000080000000, 0x0000000100000000)
  region size 1024K, 5 young (5120K), 1 survivors (1024K)
 Metaspace       used 53351K, capacity 54930K, committed 55116K, reserved 1097728K
  class space    used 6874K, capacity 7418K, committed 7500K, reserved 1048576K
}
Event: 19.790 GC heap after
{Heap after GC invocations=33 (full 0):
 garbage-first heap   total 98304K, used 78183K [0x0000000080000000, 0x0000000100000000)
  region size 1024K, 1 young (1024K), 1 survivors (1024K)
 Metaspace       used 53351K, capacity 54930K, committed 55116K, reserved 1097728K
  class space    used 6874K, capacity 7418K, committed 7500K, reserved 1048576K
}
Event: 19.961 GC heap before
{Heap before GC invocations=34 (full 0):
 garbage-first heap   total 98304K, used 83303K [0x0000000080000000, 0x0000000100000000)
  region size 1024K, 6 young (6144K), 1 survivors (1024K)
 Metaspace       used 53980K, capacity 55515K, committed 55628K, reserved 1097728K
  class space    used 6938K, capacity 7485K, committed 7500K, reserved 1048576K
}
Event: 19.963 GC heap after
{Heap after GC invocations=35 (full 0):
 garbage-first heap   total 98304K, used 78236K [0x0000000080000000, 0x0000000100000000)
  region size 1024K, 1 young (1024K), 1 survivors (1024K)
 Metaspace       used 53980K, capacity 55515K, committed 55628K, reserved 1097728K
  class space    used 6938K, capacity 7485K, committed 7500K, reserved 1048576K
}
Event: 20.055 GC heap before
{Heap before GC invocations=35 (full 0):
 garbage-first heap   total 98304K, used 83356K [0x0000000080000000, 0x0000000100000000)
  region size 1024K, 6 young (6144K), 1 survivors (1024K)
 Metaspace       used 54582K, capacity 56105K, committed 56268K, reserved 1097728K
  class space    used 7018K, capacity 7552K, committed 7628K, reserved 1048576K
}
Event: 20.058 GC heap after
{Heap after GC invocations=36 (full 0):
 garbage-first heap   total 98304K, used 78391K [0x0000000080000000, 0x0000000100000000)
  region size 1024K, 1 young (1024K), 1 survivors (1024K)
 Metaspace       used 54582K, capacity 56105K, committed 56268K, reserved 1097728K
  class space    used 7018K, capacity 7552K, committed 7628K, reserved 1048576K
}
Event: 20.264 GC heap before
{Heap before GC invocations=37 (full 0):
 garbage-first heap   total 98304K, used 82487K [0x0000000080000000, 0x0000000100000000)
  region size 1024K, 6 young (6144K), 1 survivors (1024K)
 Metaspace       used 55212K, capacity 56795K, committed 56908K, reserved 1097728K
  class space    used 7100K, capacity 7652K, committed 7756K, reserved 1048576K
}
Event: 20.268 GC heap after
{Heap after GC invocations=38 (full 0):
 garbage-first heap   total 98304K, used 78576K [0x0000000080000000, 0x0000000100000000)
  region size 1024K, 1 young (1024K), 1 survivors (1024K)
 Metaspace       used 55212K, capacity 56795K, committed 56908K, reserved 1097728K
  class space    used 7100K, capacity 7652K, committed 7756K, reserved 1048576K
}
Event: 20.457 GC heap before
{Heap before GC invocations=38 (full 0):
 garbage-first heap   total 98304K, used 82672K [0x0000000080000000, 0x0000000100000000)
  region size 1024K, 6 young (6144K), 1 survivors (1024K)
 Metaspace       used 55896K, capacity 57466K, committed 57804K, reserved 1099776K
  class space    used 7183K, capacity 7751K, committed 7884K, reserved 1048576K
}
Event: 20.463 GC heap after
{Heap after GC invocations=39 (full 0):
 garbage-first heap   total 98304K, used 78834K [0x0000000080000000, 0x0000000100000000)
  region size 1024K, 1 young (1024K), 1 survivors (1024K)
 Metaspace       used 55896K, capacity 57466K, committed 57804K, reserved 1099776K
  class space    used 7183K, capacity 7751K, committed 7884K, reserved 1048576K
}
Event: 20.744 GC heap before
{Heap before GC invocations=40 (full 0):
 garbage-first heap   total 98304K, used 83954K [0x0000000080000000, 0x0000000100000000)
  region size 1024K, 6 young (6144K), 1 survivors (1024K)
 Metaspace       used 56606K, capacity 58202K, committed 58316K, reserved 1099776K
  class space    used 7295K, capacity 7847K, committed 7884K, reserved 1048576K
}
Event: 20.748 GC heap after
{Heap after GC invocations=41 (full 0):
 garbage-first heap   total 118784K, used 78937K [0x0000000080000000, 0x0000000100000000)
  region size 1024K, 1 young (1024K), 1 survivors (1024K)
 Metaspace       used 56606K, capacity 58202K, committed 58316K, reserved 1099776K
  class space    used 7295K, capacity 7847K, committed 7884K, reserved 1048576K
}
Event: 21.224 GC heap before
{Heap before GC invocations=41 (full 0):
 garbage-first heap   total 118784K, used 91225K [0x0000000080000000, 0x0000000100000000)
  region size 1024K, 13 young (13312K), 1 survivors (1024K)
 Metaspace       used 58379K, capacity 59992K, committed 60108K, reserved 1101824K
  class space    used 7478K, capacity 8059K, committed 8140K, reserved 1048576K
}
Event: 21.230 GC heap after
{Heap after GC invocations=42 (full 0):
 garbage-first heap   total 118784K, used 79426K [0x0000000080000000, 0x0000000100000000)
  region size 1024K, 2 young (2048K), 2 survivors (2048K)
 Metaspace       used 58379K, capacity 59992K, committed 60108K, reserved 1101824K
  class space    used 7478K, capacity 8059K, committed 8140K, reserved 1048576K
}
Event: 21.747 GC heap before
{Heap before GC invocations=43 (full 0):
 garbage-first heap   total 118784K, used 92738K [0x0000000080000000, 0x0000000100000000)
  region size 1024K, 15 young (15360K), 2 survivors (2048K)
 Metaspace       used 60157K, capacity 61817K, committed 62156K, reserved 1103872K
  class space    used 7708K, capacity 8281K, committed 8396K, reserved 1048576K
}
Event: 21.751 GC heap after
{Heap after GC invocations=44 (full 0):
 garbage-first heap   total 118784K, used 79819K [0x0000000080000000, 0x0000000100000000)
  region size 1024K, 2 young (2048K), 2 survivors (2048K)
 Metaspace       used 60157K, capacity 61817K, committed 62156K, reserved 1103872K
  class space    used 7708K, capacity 8281K, committed 8396K, reserved 1048576K
}
Event: 22.302 GC heap before
{Heap before GC invocations=44 (full 0):
 garbage-first heap   total 118784K, used 94155K [0x0000000080000000, 0x0000000100000000)
  region size 1024K, 16 young (16384K), 2 survivors (2048K)
 Metaspace       used 63222K, capacity 64921K, committed 65100K, reserved 1105920K
  class space    used 8084K, capacity 8720K, committed 8780K, reserved 1048576K
}
Event: 22.309 GC heap after
{Heap after GC invocations=45 (full 0):
 garbage-first heap   total 118784K, used 81661K [0x0000000080000000, 0x0000000100000000)
  region size 1024K, 2 young (2048K), 2 survivors (2048K)
 Metaspace       used 63222K, capacity 64921K, committed 65100K, reserved 1105920K
  class space    used 8084K, capacity 8720K, committed 8780K, reserved 1048576K
}
Event: 22.582 GC heap before
{Heap before GC invocations=46 (full 0):
 garbage-first heap   total 118784K, used 94973K [0x0000000080000000, 0x0000000100000000)
  region size 1024K, 16 young (16384K), 2 survivors (2048K)
 Metaspace       used 63739K, capacity 65369K, committed 65740K, reserved 1105920K
  class space    used 8150K, capacity 8784K, committed 8908K, reserved 1048576K
}

