# JRE version: OpenJDK Runtime Environment (11.0.12+7) (build 11.0.12+7-b1504.28-7817840)
# Java VM: OpenJDK 64-Bit Server VM (11.0.12+7-b1504.28-7817840, mixed mode, tiered, compressed oops, g1 gc, windows-amd64)
Heap:
 garbage-first heap   total 172032K, used 88848K [0x0000000080000000, 0x0000000100000000)
  region size 1024K, 4 young (4096K), 4 survivors (4096K)
 Metaspace       used 70130K, capacity 71913K, committed 72220K, reserved 1112064K
  class space    used 8983K, capacity 9674K, committed 9804K, reserved 1048576K
GC Heap History (20 events):
Event: 11.762 GC heap after
{Heap after GC invocations=32 (full 0):
 garbage-first heap   total 98304K, used 76250K [0x0000000080000000, 0x0000000100000000)
  region size 1024K, 1 young (1024K), 1 survivors (1024K)
 Metaspace       used 53545K, capacity 54987K, committed 55324K, reserved 1097728K
  class space    used 6895K, capacity 7418K, committed 7500K, reserved 1048576K
}
Event: 11.882 GC heap before
{Heap before GC invocations=33 (full 0):
 garbage-first heap   total 98304K, used 81370K [0x0000000080000000, 0x0000000100000000)
  region size 1024K, 6 young (6144K), 1 survivors (1024K)
 Metaspace       used 54122K, capacity 55674K, committed 55964K, reserved 1097728K
  class space    used 6974K, capacity 7519K, committed 7628K, reserved 1048576K
}
Event: 11.883 GC heap after
{Heap after GC invocations=34 (full 0):
 garbage-first heap   total 98304K, used 76422K [0x0000000080000000, 0x0000000100000000)
  region size 1024K, 1 young (1024K), 1 survivors (1024K)
 Metaspace       used 54122K, capacity 55674K, committed 55964K, reserved 1097728K
  class space    used 6974K, capacity 7519K, committed 7628K, reserved 1048576K
}
Event: 11.998 GC heap before
{Heap before GC invocations=34 (full 0):
 garbage-first heap   total 98304K, used 81542K [0x0000000080000000, 0x0000000100000000)
  region size 1024K, 6 young (6144K), 1 survivors (1024K)
 Metaspace       used 54686K, capacity 56289K, committed 56476K, reserved 1097728K
  class space    used 7049K, capacity 7616K, committed 7628K, reserved 1048576K
}
Event: 12.001 GC heap after
{Heap after GC invocations=35 (full 0):
 garbage-first heap   total 118784K, used 76542K [0x0000000080000000, 0x0000000100000000)
  region size 1024K, 1 young (1024K), 1 survivors (1024K)
 Metaspace       used 54686K, capacity 56289K, committed 56476K, reserved 1097728K
  class space    used 7049K, capacity 7616K, committed 7628K, reserved 1048576K
}
Event: 12.448 GC heap before
{Heap before GC invocations=36 (full 0):
 garbage-first heap   total 118784K, used 90878K [0x0000000080000000, 0x0000000100000000)
  region size 1024K, 15 young (15360K), 1 survivors (1024K)
 Metaspace       used 56716K, capacity 58322K, committed 58652K, reserved 1099776K
  class space    used 7313K, capacity 7911K, committed 8012K, reserved 1048576K
}
Event: 12.451 GC heap after
{Heap after GC invocations=37 (full 0):
 garbage-first heap   total 118784K, used 77447K [0x0000000080000000, 0x0000000100000000)
  region size 1024K, 2 young (2048K), 2 survivors (2048K)
 Metaspace       used 56716K, capacity 58322K, committed 58652K, reserved 1099776K
  class space    used 7313K, capacity 7911K, committed 8012K, reserved 1048576K
}
Event: 12.770 GC heap before
{Heap before GC invocations=37 (full 0):
 garbage-first heap   total 118784K, used 91783K [0x0000000080000000, 0x0000000100000000)
  region size 1024K, 16 young (16384K), 2 survivors (2048K)
 Metaspace       used 58849K, capacity 60440K, committed 60572K, reserved 1101824K
  class space    used 7544K, capacity 8126K, committed 8140K, reserved 1048576K
}
Event: 12.773 GC heap after
{Heap after GC invocations=38 (full 0):
 garbage-first heap   total 118784K, used 77538K [0x0000000080000000, 0x0000000100000000)
  region size 1024K, 2 young (2048K), 2 survivors (2048K)
 Metaspace       used 58849K, capacity 60440K, committed 60572K, reserved 1101824K
  class space    used 7544K, capacity 8126K, committed 8140K, reserved 1048576K
}
Event: 13.191 GC heap before
{Heap before GC invocations=39 (full 0):
 garbage-first heap   total 118784K, used 93922K [0x0000000080000000, 0x0000000100000000)
  region size 1024K, 18 young (18432K), 2 survivors (2048K)
 Metaspace       used 61439K, capacity 63077K, committed 63260K, reserved 1103872K
  class space    used 7897K, capacity 8511K, committed 8524K, reserved 1048576K
}
Event: 13.195 GC heap after
{Heap after GC invocations=40 (full 0):
 garbage-first heap   total 118784K, used 78396K [0x0000000080000000, 0x0000000100000000)
  region size 1024K, 2 young (2048K), 2 survivors (2048K)
 Metaspace       used 61439K, capacity 63077K, committed 63260K, reserved 1103872K
  class space    used 7897K, capacity 8511K, committed 8524K, reserved 1048576K
}
Event: 13.488 GC heap before
{Heap before GC invocations=40 (full 0):
 garbage-first heap   total 118784K, used 94780K [0x0000000080000000, 0x0000000100000000)
  region size 1024K, 19 young (19456K), 2 survivors (2048K)
 Metaspace       used 63159K, capacity 64917K, committed 65052K, reserved 1105920K
  class space    used 8095K, capacity 8720K, committed 8780K, reserved 1048576K
}
Event: 13.495 GC heap after
{Heap after GC invocations=41 (full 0):
 garbage-first heap   total 143360K, used 82786K [0x0000000080000000, 0x0000000100000000)
  region size 1024K, 3 young (3072K), 3 survivors (3072K)
 Metaspace       used 63159K, capacity 64917K, committed 65052K, reserved 1105920K
  class space    used 8095K, capacity 8720K, committed 8780K, reserved 1048576K
}
Event: 14.015 GC heap before
{Heap before GC invocations=42 (full 0):
 garbage-first heap   total 143360K, used 107362K [0x0000000080000000, 0x0000000100000000)
  region size 1024K, 27 young (27648K), 3 survivors (3072K)
 Metaspace       used 65487K, capacity 67223K, committed 67356K, reserved 1107968K
  class space    used 8379K, capacity 9015K, committed 9036K, reserved 1048576K
}
Event: 14.020 GC heap after
{Heap after GC invocations=43 (full 0):
 garbage-first heap   total 143360K, used 84316K [0x0000000080000000, 0x0000000100000000)
  region size 1024K, 4 young (4096K), 4 survivors (4096K)
 Metaspace       used 65487K, capacity 67223K, committed 67356K, reserved 1107968K
  class space    used 8379K, capacity 9015K, committed 9036K, reserved 1048576K
}
Event: 14.322 GC heap before
{Heap before GC invocations=43 (full 0):
 garbage-first heap   total 143360K, used 102748K [0x0000000080000000, 0x0000000100000000)
  region size 1024K, 24 young (24576K), 4 survivors (4096K)
 Metaspace       used 66921K, capacity 68647K, committed 68892K, reserved 1110016K
  class space    used 8571K, capacity 9189K, committed 9292K, reserved 1048576K
}
Event: 14.327 GC heap after
{Heap after GC invocations=44 (full 0):
 garbage-first heap   total 143360K, used 86667K [0x0000000080000000, 0x0000000100000000)
  region size 1024K, 4 young (4096K), 4 survivors (4096K)
 Metaspace       used 66921K, capacity 68647K, committed 68892K, reserved 1110016K
  class space    used 8571K, capacity 9189K, committed 9292K, reserved 1048576K
}
Event: 14.837 GC heap before
{Heap before GC invocations=45 (full 0):
 garbage-first heap   total 143360K, used 112267K [0x0000000080000000, 0x0000000100000000)
  region size 1024K, 29 young (29696K), 4 survivors (4096K)
 Metaspace       used 69463K, capacity 71248K, committed 71580K, reserved 1112064K
  class space    used 8891K, capacity 9540K, committed 9676K, reserved 1048576K
}
Event: 14.841 GC heap after
{Heap after GC invocations=46 (full 0):
 garbage-first heap   total 143360K, used 86477K [0x0000000080000000, 0x0000000100000000)
  region size 1024K, 3 young (3072K), 3 survivors (3072K)
 Metaspace       used 69463K, capacity 71248K, committed 71580K, reserved 1112064K
  class space    used 8891K, capacity 9540K, committed 9676K, reserved 1048576K
}
Event: 15.113 GC heap before
{Heap before GC invocations=46 (full 0):
 garbage-first heap   total 143360K, used 113101K [0x0000000080000000, 0x0000000100000000)
  region size 1024K, 29 young (29696K), 3 survivors (3072K)
 Metaspace       used 70130K, capacity 71913K, committed 72220K, reserved 1112064K
  class space    used 8983K, capacity 9674K, committed 9804K, reserved 1048576K
}

