# JRE version: OpenJDK Runtime Environment (11.0.12+7) (build 11.0.12+7-b1504.28-7817840)
# Java VM: OpenJDK 64-Bit Server VM (11.0.12+7-b1504.28-7817840, mixed mode, tiered, compressed oops, g1 gc, windows-amd64)
Heap:
 garbage-first heap   total 98304K, used 46871K [0x0000000080000000, 0x0000000100000000)
  region size 1024K, 34 young (34816K), 3 survivors (3072K)
 Metaspace       used 23895K, capacity 24508K, committed 24832K, reserved 1071104K
  class space    used 3040K, capacity 3251K, committed 3328K, reserved 1048576K
GC Heap History (8 events):
Event: 3.041 GC heap before
{Heap before GC invocations=0 (full 0):
 garbage-first heap   total 98304K, used 30720K [0x0000000080000000, 0x0000000100000000)
  region size 1024K, 24 young (24576K), 0 survivors (0K)
 Metaspace       used 10263K, capacity 10565K, committed 10624K, reserved 1058816K
  class space    used 1072K, capacity 1139K, committed 1152K, reserved 1048576K
}
Event: 3.051 GC heap after
{Heap after GC invocations=1 (full 0):
 garbage-first heap   total 98304K, used 9269K [0x0000000080000000, 0x0000000100000000)
  region size 1024K, 3 young (3072K), 3 survivors (3072K)
 Metaspace       used 10263K, capacity 10565K, committed 10624K, reserved 1058816K
  class space    used 1072K, capacity 1139K, committed 1152K, reserved 1048576K
}
Event: 5.200 GC heap before
{Heap before GC invocations=1 (full 0):
 garbage-first heap   total 98304K, used 64565K [0x0000000080000000, 0x0000000100000000)
  region size 1024K, 57 young (58368K), 3 survivors (3072K)
 Metaspace       used 13712K, capacity 14115K, committed 14208K, reserved 1062912K
  class space    used 1519K, capacity 1621K, committed 1664K, reserved 1048576K
}
Event: 5.208 GC heap after
{Heap after GC invocations=2 (full 0):
 garbage-first heap   total 98304K, used 15307K [0x0000000080000000, 0x0000000100000000)
  region size 1024K, 8 young (8192K), 8 survivors (8192K)
 Metaspace       used 13712K, capacity 14115K, committed 14208K, reserved 1062912K
  class space    used 1519K, capacity 1621K, committed 1664K, reserved 1048576K
}
Event: 14.622 GC heap before
{Heap before GC invocations=2 (full 0):
 garbage-first heap   total 98304K, used 41931K [0x0000000080000000, 0x0000000100000000)
  region size 1024K, 34 young (34816K), 8 survivors (8192K)
 Metaspace       used 19176K, capacity 19650K, committed 19968K, reserved 1067008K
  class space    used 2309K, capacity 2458K, committed 2560K, reserved 1048576K
}
Event: 14.629 GC heap after
{Heap after GC invocations=3 (full 0):
 garbage-first heap   total 98304K, used 16700K [0x0000000080000000, 0x0000000100000000)
  region size 1024K, 2 young (2048K), 2 survivors (2048K)
 Metaspace       used 19176K, capacity 19650K, committed 19968K, reserved 1067008K
  class space    used 2309K, capacity 2458K, committed 2560K, reserved 1048576K
}
Event: 15.002 GC heap before
{Heap before GC invocations=3 (full 0):
 garbage-first heap   total 98304K, used 33084K [0x0000000080000000, 0x0000000100000000)
  region size 1024K, 19 young (19456K), 2 survivors (2048K)
 Metaspace       used 20593K, capacity 21099K, committed 21248K, reserved 1067008K
  class space    used 2538K, capacity 2728K, committed 2816K, reserved 1048576K
}
Event: 15.007 GC heap after
{Heap after GC invocations=4 (full 0):
 garbage-first heap   total 98304K, used 17175K [0x0000000080000000, 0x0000000100000000)
  region size 1024K, 3 young (3072K), 3 survivors (3072K)
 Metaspace       used 20593K, capacity 21099K, committed 21248K, reserved 1067008K
  class space    used 2538K, capacity 2728K, committed 2816K, reserved 1048576K
}

